mode: set
/home/xpsiveagh/golang/goCodeSave2016.09.13/20181001GoMcLeodUdemy/ninja13/ninja132ReadStringMap/word/main.go:7.40,10.23 3 0
/home/xpsiveagh/golang/goCodeSave2016.09.13/20181001GoMcLeodUdemy/ninja13/ninja132ReadStringMap/word/main.go:13.2,13.10 1 0
/home/xpsiveagh/golang/goCodeSave2016.09.13/20181001GoMcLeodUdemy/ninja13/ninja132ReadStringMap/word/main.go:10.23,12.3 1 0
/home/xpsiveagh/golang/goCodeSave2016.09.13/20181001GoMcLeodUdemy/ninja13/ninja132ReadStringMap/word/main.go:16.26,20.2 2 1
